{"type":"server-started","port":60819,"host":"127.0.0.1","url_host":"localhost","url":"http://localhost:60819","screen_dir":"/Users/joshadmin/Documents/src/app-neon-breakout/.superpowers/brainstorm/76042-1774771040"}
{"type":"screen-added","file":"/Users/joshadmin/Documents/src/app-neon-breakout/.superpowers/brainstorm/76042-1774771040/feature-picks.html"}
{"source":"user-event","type":"click","text":"5\n    \n      Sentinel Boss Fights\n      Every 5 levels, face a geometric neon entity (triangle, hexagon, eye) with destructible core nodes connected by glowing lines. Boss moves, drops hazard bricks, has phase transitions as you destroy outer nodes. Final core explodes in a massive particle cascade.","choice":"boss-fights","id":null,"timestamp":1774771790174}
{"source":"user-event","type":"click","text":"4\n    \n      Paddle Abilities (Cooldown)\n      Spacebar/double-tap activates: Pulse (shockwave damages bricks in a cone), Magnet (ball sticks, aim and release), Phase Shift (teleport paddle to ball's X). 10-second cooldown with a neon ring indicator.","choice":"paddle-abilities","id":null,"timestamp":1774771844169}
{"source":"user-event","type":"click","text":"7\n    \n      Procedural Synthwave Audio\n      Full soundtrack generated via Web Audio API (zero audio files). Bassline drives glow pulsing on all neon elements. Brick hits trigger pitched synth notes based on row (emergent melodies!). Combos add reverb and distortion. Paddle thuds on contact.","choice":"procedural-audio","id":null,"timestamp":1774771880709}
{"source":"user-event","type":"click","text":"7\n    \n      Procedural Synthwave Audio\n      Full soundtrack generated via Web Audio API (zero audio files). Bassline drives glow pulsing on all neon elements. Brick hits trigger pitched synth notes based on row (emergent melodies!). Combos add reverb and distortion. Paddle thuds on contact.","choice":"procedural-audio","id":null,"timestamp":1774771894221}
{"source":"user-event","type":"click","text":"8\n    \n      Synthwave Horizon Background\n      Perspective grid receding to a neon sun behind the game field. Grid speed and sun color respond to combo: calm at 0, accelerating and pulsing at 10+. Rendered to offscreen canvas for near-zero performance cost.","choice":"synthwave-bg","id":null,"timestamp":1774771899583}
{"source":"user-event","type":"click","text":"11\n    \n      CRT Post-Processing Toggle\n      Optional retro CRT effects: scanlines, RGB chromatic aberration at edges, vignette, slight screen curvature. Toggle on/off. Retro arcade fans will love it.","choice":"crt-mode","id":null,"timestamp":1774771939558}
{"source":"user-event","type":"click","text":"8\n    \n      Synthwave Horizon Background\n      Perspective grid receding to a neon sun behind the game field. Grid speed and sun color respond to combo: calm at 0, accelerating and pulsing at 10+. Rendered to offscreen canvas for near-zero performance cost.","choice":"synthwave-bg","id":null,"timestamp":1774771959670}
{"source":"user-event","type":"click","text":"7\n    \n      Procedural Synthwave Audio\n      Full soundtrack generated via Web Audio API (zero audio files). Bassline drives glow pulsing on all neon elements. Brick hits trigger pitched synth notes based on row (emergent melodies!). Combos add reverb and distortion. Paddle thuds on contact.","choice":"procedural-audio","id":null,"timestamp":1774771960384}
{"source":"user-event","type":"click","text":"12\n    \n      Living Neon Ecosystem\n      Tiny neon geometric creatures (jellyfish, triangles, circles) drift in the background at low opacity. They scatter from the ball, cluster around combos, swirl near power-ups, flee during boss fights. Purely decorative but makes the world feel alive.","choice":"bg-creatures","id":null,"timestamp":1774771979129}
{"source":"user-event","type":"click","text":"16\n    \n      Achievement Constellation\n      Achievements displayed as a star map. Completed ones glow and connect with neon lines. The constellation forms a recognizable shape (paddle, ball) as you earn more. Tap a star to see its requirement.","choice":"achievement-constellation","id":null,"timestamp":1774772062133}
{"source":"user-event","type":"click","text":"14\n    \n      Auto Screenshot Moments\n      Game detects highlight moments (10+ combo, boss kill, flawless level) and auto-captures a styled PNG with score overlay + watermark. Camera flash animation, share button appears. Native share on mobile, clipboard on desktop.","choice":"screenshot-capture","id":null,"timestamp":1774772084449}
{"source":"user-event","type":"click","text":"20\n    \n      Prism Spectrum Split\n      Ball splits into 7 rainbow-colored mini-balls. Each does bonus damage to color-matched bricks (instant kill). Matched kills drop guaranteed power-ups. Spectacular visual fireworks.","choice":"prism-powerup","id":null,"timestamp":1774772125070}
{"source":"user-event","type":"click","text":"1\n    \n      Curve Shot Mechanic\n      Hold spacebar/touch to bend the ball mid-flight toward your paddle's direction. A faint laser guide shows the curved path. Transforms breakout from \"launch and pray\" to \"launch and steer.\" Massive skill ceiling.","choice":"curve-shot","id":null,"timestamp":1774772279680}
{"type":"screen-added","file":"/Users/joshadmin/Documents/src/app-neon-breakout/.superpowers/brainstorm/76042-1774771040/design-gameplay.html"}
{"type":"screen-added","file":"/Users/joshadmin/Documents/src/app-neon-breakout/.superpowers/brainstorm/76042-1774771040/design-visuals.html"}
{"type":"screen-added","file":"/Users/joshadmin/Documents/src/app-neon-breakout/.superpowers/brainstorm/76042-1774771040/design-bosses-meta.html"}
{"type":"screen-added","file":"/Users/joshadmin/Documents/src/app-neon-breakout/.superpowers/brainstorm/76042-1774771040/design-social.html"}
{"type":"screen-added","file":"/Users/joshadmin/Documents/src/app-neon-breakout/.superpowers/brainstorm/76042-1774771040/waiting.html"}
{"type":"server-stopped","reason":"idle timeout"}
